<?xml version="1.0" encoding="UTF-8"?>
<!-- Generated by org.testng.reporters.JUnitReportReporter -->
<testsuite hostname="marwan" failures="0" tests="5" name="tests.CraterUserManagement" time="50.353" errors="0" timestamp="2022-12-22T22:03:06 EST" skipped="0">
  <testcase classname="tests.CraterUserManagement" name="validLogin" time="11.985"/>
  <system-out/>
  <testcase classname="tests.CraterUserManagement" name="invalidLogin" time="10.182"/>
  <system-out/>
  <testcase classname="tests.CraterUserManagement" name="invalidLogin" time="9.099"/>
  <system-out/>
  <testcase classname="tests.CraterUserManagement" name="invalidLogin" time="9.240"/>
  <system-out/>
  <testcase classname="tests.CraterUserManagement" name="invalidLogin" time="9.847"/>
  <system-out/>
</testsuite> <!-- tests.CraterUserManagement -->
