<?xml version="1.0" encoding="UTF-8"?>
<!-- Generated by org.testng.reporters.JUnitReportReporter -->
<testsuite hostname="helilshahyars-iMac.local" failures="0" tests="6" name="tests.AmazonSearch" time="17.551" errors="0" timestamp="2022-12-01T19:10:21 EST" skipped="0">
  <testcase classname="tests.AmazonSearch" name="AmazonSearchTest" time="2.839"/>
  <system-out/>
  <testcase classname="tests.AmazonSearch" name="AmazonSearchTest" time="2.580"/>
  <system-out/>
  <testcase classname="tests.AmazonSearch" name="AmazonSearchTest" time="3.430"/>
  <system-out/>
  <testcase classname="tests.AmazonSearch" name="AmazonSearchTest" time="2.583"/>
  <system-out/>
  <testcase classname="tests.AmazonSearch" name="AmazonSearchTest" time="3.292"/>
  <system-out/>
  <testcase classname="tests.AmazonSearch" name="AmazonSearchTest" time="2.827"/>
  <system-out/>
</testsuite> <!-- tests.AmazonSearch -->
