<?xml version="1.0" encoding="UTF-8"?>
<!-- Generated by org.testng.reporters.JUnitReportReporter -->
<testsuite hostname="marwan" failures="0" tests="2" name="tests.SignupTests" time="16.271" errors="0" timestamp="2022-12-22T22:21:03 EST" skipped="0">
  <testcase classname="tests.SignupTests" name="test5" time="3.002"/>
  <system-out/>
  <testcase classname="tests.SignupTests" name="signUpPageTest" time="13.269"/>
  <system-out/>
</testsuite> <!-- tests.SignupTests -->
