<?xml version="1.0" encoding="UTF-8"?>
<!-- Generated by org.testng.reporters.JUnitReportReporter -->
<testsuite hostname="marwan" failures="0" tests="9" name="petStoreApiTests.PetStoreApiTests" time="3.819" errors="0" timestamp="2023-01-03T20:08:23 EST" skipped="0">
  <testcase classname="petStoreApiTests.PetStoreApiTests" name="updateCat" time="0.125"/>
  <system-out/>
  <testcase classname="petStoreApiTests.PetStoreApiTests" name="postAPet" time="0.122"/>
  <system-out/>
  <testcase classname="petStoreApiTests.PetStoreApiTests" name="chainValidation" time="2.650"/>
  <system-out/>
  <testcase classname="petStoreApiTests.PetStoreApiTests" name="findPetByStatus" time="0.106"/>
  <system-out/>
  <testcase classname="petStoreApiTests.PetStoreApiTests" name="createCatWithJsonFile" time="0.166"/>
  <system-out/>
  <testcase classname="petStoreApiTests.PetStoreApiTests" name="getPetById" time="0.122"/>
  <system-out/>
  <testcase classname="petStoreApiTests.PetStoreApiTests" name="getById" time="0.244"/>
  <system-out/>
  <testcase classname="petStoreApiTests.PetStoreApiTests" name="invalidIdUpdateCat" time="0.144"/>
  <system-out/>
  <testcase classname="petStoreApiTests.PetStoreApiTests" name="postACat" time="0.140"/>
  <system-out/>
</testsuite> <!-- petStoreApiTests.PetStoreApiTests -->
