<?xml version="1.0" encoding="UTF-8"?>
<!-- Generated by org.testng.reporters.JUnitReportReporter -->
<testsuite hostname="helilshahyars-iMac.local" failures="0" tests="2" name="tests.SauceDemoLoginTests" time="8.099" errors="0" timestamp="2022-12-21T19:47:32 EST" skipped="0">
  <testcase classname="tests.SauceDemoLoginTests" name="credentialTest" time="4.612"/>
  <system-out/>
  <testcase classname="tests.SauceDemoLoginTests" name="credentialTest" time="3.487"/>
  <system-out/>
</testsuite> <!-- tests.SauceDemoLoginTests -->
